# JRE version: OpenJDK Runtime Environment (7.0_51) (build 1.7.0_51-b00)
# Java VM: OpenJDK 64-Bit Server VM (24.45-b08 mixed mode linux-amd64 compressed oops)
Heap
 PSYoungGen      total 287744K, used 5039K [0x00000000ebf00000, 0x0000000100000000, 0x0000000100000000)
  eden space 263168K, 0% used [0x00000000ebf00000,0x00000000ebf00000,0x00000000fc000000)
  from space 24576K, 20% used [0x00000000fe800000,0x00000000fecebcc8,0x0000000100000000)
  to   space 32768K, 0% used [0x00000000fc000000,0x00000000fc000000,0x00000000fe000000)
 ParOldGen       total 43008K, used 42757K [0x00000000c3e00000, 0x00000000c6800000, 0x00000000ebf00000)
  object space 43008K, 99% used [0x00000000c3e00000,0x00000000c67c17c8,0x00000000c6800000)
 PSPermGen       total 32768K, used 32253K [0x00000000b9800000, 0x00000000bb800000, 0x00000000c3e00000)
  object space 32768K, 98% used [0x00000000b9800000,0x00000000bb77f438,0x00000000bb800000)
GC Heap History (10 events):
Event: 26.302 GC heap after
Heap after GC invocations=17 (full 1):
 PSYoungGen      total 304128K, used 12190K [0x00000000ebf00000, 0x00000000fff00000, 0x0000000100000000)
  eden space 280576K, 0% used [0x00000000ebf00000,0x00000000ebf00000,0x00000000fd100000)
  from space 23552K, 51% used [0x00000000fe800000,0x00000000ff3e7a20,0x00000000fff00000)
  to   space 23552K, 0% used [0x00000000fd100000,0x00000000fd100000,0x00000000fe800000)
 ParOldGen       total 43008K, used 26361K [0x00000000c3e00000, 0x00000000c6800000, 0x00000000ebf00000)
  object space 43008K, 61% used [0x00000000c3e00000,0x00000000c57be4a0,0x00000000c6800000)
 PSPermGen       total 32256K, used 32103K [0x00000000b9800000, 0x00000000bb780000, 0x00000000c3e00000)
  object space 32256K, 99% used [0x00000000b9800000,0x00000000bb759cf0,0x00000000bb780000)
}
Event: 28.209 GC heap before
{Heap before GC invocations=18 (full 1):
 PSYoungGen      total 304128K, used 292766K [0x00000000ebf00000, 0x00000000fff00000, 0x0000000100000000)
  eden space 280576K, 100% used [0x00000000ebf00000,0x00000000fd100000,0x00000000fd100000)
  from space 23552K, 51% used [0x00000000fe800000,0x00000000ff3e7a20,0x00000000fff00000)
  to   space 23552K, 0% used [0x00000000fd100000,0x00000000fd100000,0x00000000fe800000)
 ParOldGen       total 43008K, used 26361K [0x00000000c3e00000, 0x00000000c6800000, 0x00000000ebf00000)
  object space 43008K, 61% used [0x00000000c3e00000,0x00000000c57be4a0,0x00000000c6800000)
 PSPermGen       total 32256K, used 32134K [0x00000000b9800000, 0x00000000bb780000, 0x00000000c3e00000)
  object space 32256K, 99% used [0x00000000b9800000,0x00000000bb761bc0,0x00000000bb780000)
Event: 28.225 GC heap after
Heap after GC invocations=18 (full 1):
 PSYoungGen      total 304128K, used 11381K [0x00000000ebf00000, 0x00000000ffe00000, 0x0000000100000000)
  eden space 280576K, 0% used [0x00000000ebf00000,0x00000000ebf00000,0x00000000fd100000)
  from space 23552K, 48% used [0x00000000fd100000,0x00000000fdc1d5a0,0x00000000fe800000)
  to   space 22528K, 0% used [0x00000000fe800000,0x00000000fe800000,0x00000000ffe00000)
 ParOldGen       total 43008K, used 26369K [0x00000000c3e00000, 0x00000000c6800000, 0x00000000ebf00000)
  object space 43008K, 61% used [0x00000000c3e00000,0x00000000c57c04a0,0x00000000c6800000)
 PSPermGen       total 32256K, used 32134K [0x00000000b9800000, 0x00000000bb780000, 0x00000000c3e00000)
  object space 32256K, 99% used [0x00000000b9800000,0x00000000bb761bc0,0x00000000bb780000)
}
Event: 30.116 GC heap before
{Heap before GC invocations=19 (full 1):
 PSYoungGen      total 304128K, used 291957K [0x00000000ebf00000, 0x00000000ffe00000, 0x0000000100000000)
  eden space 280576K, 100% used [0x00000000ebf00000,0x00000000fd100000,0x00000000fd100000)
  from space 23552K, 48% used [0x00000000fd100000,0x00000000fdc1d5a0,0x00000000fe800000)
  to   space 22528K, 0% used [0x00000000fe800000,0x00000000fe800000,0x00000000ffe00000)
 ParOldGen       total 43008K, used 26369K [0x00000000c3e00000, 0x00000000c6800000, 0x00000000ebf00000)
  object space 43008K, 61% used [0x00000000c3e00000,0x00000000c57c04a0,0x00000000c6800000)
 PSPermGen       total 32256K, used 32189K [0x00000000b9800000, 0x00000000bb780000, 0x00000000c3e00000)
  object space 32256K, 99% used [0x00000000b9800000,0x00000000bb76f6b0,0x00000000bb780000)
Event: 30.137 GC heap after
Heap after GC invocations=19 (full 1):
 PSYoungGen      total 303616K, used 15097K [0x00000000ebf00000, 0x0000000100000000, 0x0000000100000000)
  eden space 281088K, 0% used [0x00000000ebf00000,0x00000000ebf00000,0x00000000fd180000)
  from space 22528K, 67% used [0x00000000fe800000,0x00000000ff6be5c0,0x00000000ffe00000)
  to   space 23040K, 0% used [0x00000000fd180000,0x00000000fd180000,0x00000000fe800000)
 ParOldGen       total 43008K, used 26369K [0x00000000c3e00000, 0x00000000c6800000, 0x00000000ebf00000)
  object space 43008K, 61% used [0x00000000c3e00000,0x00000000c57c04a0,0x00000000c6800000)
 PSPermGen       total 32256K, used 32189K [0x00000000b9800000, 0x00000000bb780000, 0x00000000c3e00000)
  object space 32256K, 99% used [0x00000000b9800000,0x00000000bb76f6b0,0x00000000bb780000)
}
Event: 31.502 GC heap before
{Heap before GC invocations=20 (full 1):
 PSYoungGen      total 303616K, used 296185K [0x00000000ebf00000, 0x0000000100000000, 0x0000000100000000)
  eden space 281088K, 100% used [0x00000000ebf00000,0x00000000fd180000,0x00000000fd180000)
  from space 22528K, 67% used [0x00000000fe800000,0x00000000ff6be5c0,0x00000000ffe00000)
  to   space 23040K, 0% used [0x00000000fd180000,0x00000000fd180000,0x00000000fe800000)
 ParOldGen       total 43008K, used 26369K [0x00000000c3e00000, 0x00000000c6800000, 0x00000000ebf00000)
  object space 43008K, 61% used [0x00000000c3e00000,0x00000000c57c04a0,0x00000000c6800000)
 PSPermGen       total 32256K, used 32251K [0x00000000b9800000, 0x00000000bb780000, 0x00000000c3e00000)
  object space 32256K, 99% used [0x00000000b9800000,0x00000000bb77ed18,0x00000000bb780000)
Event: 31.550 GC heap after
Heap after GC invocations=20 (full 1):
 PSYoungGen      total 304128K, used 23023K [0x00000000ebf00000, 0x0000000100000000, 0x0000000100000000)
  eden space 281088K, 0% used [0x00000000ebf00000,0x00000000ebf00000,0x00000000fd180000)
  from space 23040K, 99% used [0x00000000fd180000,0x00000000fe7fbfb8,0x00000000fe800000)
  to   space 24576K, 0% used [0x00000000fe800000,0x00000000fe800000,0x0000000100000000)
 ParOldGen       total 43008K, used 27782K [0x00000000c3e00000, 0x00000000c6800000, 0x00000000ebf00000)
  object space 43008K, 64% used [0x00000000c3e00000,0x00000000c5921808,0x00000000c6800000)
 PSPermGen       total 32256K, used 32251K [0x00000000b9800000, 0x00000000bb780000, 0x00000000c3e00000)
  object space 32256K, 99% used [0x00000000b9800000,0x00000000bb77ed18,0x00000000bb780000)
}
Event: 33.115 GC heap before
{Heap before GC invocations=21 (full 1):
 PSYoungGen      total 304128K, used 304111K [0x00000000ebf00000, 0x0000000100000000, 0x0000000100000000)
  eden space 281088K, 100% used [0x00000000ebf00000,0x00000000fd180000,0x00000000fd180000)
  from space 23040K, 99% used [0x00000000fd180000,0x00000000fe7fbfb8,0x00000000fe800000)
  to   space 24576K, 0% used [0x00000000fe800000,0x00000000fe800000,0x0000000100000000)
 ParOldGen       total 43008K, used 27782K [0x00000000c3e00000, 0x00000000c6800000, 0x00000000ebf00000)
  object space 43008K, 64% used [0x00000000c3e00000,0x00000000c5921808,0x00000000c6800000)
 PSPermGen       total 32768K, used 32265K [0x00000000b9800000, 0x00000000bb800000, 0x00000000c3e00000)
  object space 32768K, 98% used [0x00000000b9800000,0x00000000bb782430,0x00000000bb800000)
Event: 33.157 GC heap after
Heap after GC invocations=21 (full 1):
 PSYoungGen      total 287744K, used 24548K [0x00000000ebf00000, 0x0000000100000000, 0x0000000100000000)
  eden space 263168K, 0% used [0x00000000ebf00000,0x00000000ebf00000,0x00000000fc000000)
  from space 24576K, 99% used [0x00000000fe800000,0x00000000ffff9040,0x0000000100000000)
  to   space 32768K, 0% used [0x00000000fc000000,0x00000000fc000000,0x00000000fe000000)
 ParOldGen       total 43008K, used 35644K [0x00000000c3e00000, 0x00000000c6800000, 0x00000000ebf00000)
  object space 43008K, 82% used [0x00000000c3e00000,0x00000000c60cf378,0x00000000c6800000)
 PSPermGen       total 32768K, used 32265K [0x00000000b9800000, 0x00000000bb800000, 0x00000000c3e00000)
  object space 32768K, 98% used [0x00000000b9800000,0x00000000bb782430,0x00000000bb800000)
}
Event: 33.200 GC heap before
{Heap before GC invocations=22 (full 2):
 PSYoungGen      total 287744K, used 24548K [0x00000000ebf00000, 0x0000000100000000, 0x0000000100000000)
  eden space 263168K, 0% used [0x00000000ebf00000,0x00000000ebf00000,0x00000000fc000000)
  from space 24576K, 99% used [0x00000000fe800000,0x00000000ffff9040,0x0000000100000000)
  to   space 32768K, 0% used [0x00000000fc000000,0x00000000fc000000,0x00000000fe000000)
 ParOldGen       total 43008K, used 35644K [0x00000000c3e00000, 0x00000000c6800000, 0x00000000ebf00000)
  object space 43008K, 82% used [0x00000000c3e00000,0x00000000c60cf378,0x00000000c6800000)
 PSPermGen       total 32768K, used 32265K [0x00000000b9800000, 0x00000000bb800000, 0x00000000c3e00000)
  object space 32768K, 98% used [0x00000000b9800000,0x00000000bb782430,0x00000000bb800000)

